src/Celeste.Android/android/app/build/intermediates/manifest_merge_blame_file/release/processReleaseMainManifest/manifest-merger-blame-release-report.txt
1<?xml version="1.0" encoding="utf-8"?>
2<manifest xmlns:android="http://schemas.android.com/apk/res/android"
3    package="celestemeown.app"
4    android:versionCode="1"
5    android:versionName="1.0" >
6
7    <uses-sdk
8        android:minSdkVersion="30"
9        android:targetSdkVersion="34" />
10
11    <!-- Permissões necessárias -->
12    <uses-permission android:name="android.permission.INTERNET" />
12-->src/main/AndroidManifest.xml:5:5-67
12-->src/main/AndroidManifest.xml:5:22-64
13    <uses-permission android:name="android.permission.READ_EXTERNAL_STORAGE" />
13-->src/main/AndroidManifest.xml:6:5-80
13-->src/main/AndroidManifest.xml:6:22-77
14    <uses-permission android:name="android.permission.WRITE_EXTERNAL_STORAGE" />
14-->src/main/AndroidManifest.xml:7:5-81
14-->src/main/AndroidManifest.xml:7:22-78
15    <uses-permission android:name="android.permission.READ_MEDIA_IMAGES" />
15-->src/main/AndroidManifest.xml:8:5-76
15-->src/main/AndroidManifest.xml:8:22-73
16    <uses-permission android:name="android.permission.READ_MEDIA_VIDEO" />
16-->src/main/AndroidManifest.xml:9:5-75
16-->src/main/AndroidManifest.xml:9:22-72
17    <uses-permission android:name="android.permission.READ_MEDIA_AUDIO" />
17-->src/main/AndroidManifest.xml:10:5-75
17-->src/main/AndroidManifest.xml:10:22-72
18    <uses-permission android:name="android.permission.MANAGE_EXTERNAL_STORAGE" />
18-->src/main/AndroidManifest.xml:11:5-82
18-->src/main/AndroidManifest.xml:11:22-79
19
20    <!-- Requisitos de hardware -->
21    <uses-feature
21-->src/main/AndroidManifest.xml:14:5-16:36
22        android:name="android.hardware.touchscreen"
22-->src/main/AndroidManifest.xml:15:9-52
23        android:required="false" />
23-->src/main/AndroidManifest.xml:16:9-33
24
25    <!-- Queries para SAF (Storage Access Framework) -->
26    <queries>
26-->src/main/AndroidManifest.xml:20:5-25:15
27        <intent>
27-->src/main/AndroidManifest.xml:21:9-24:18
28            <action android:name="android.intent.action.CREATE_DOCUMENT" />
28-->src/main/AndroidManifest.xml:22:13-76
28-->src/main/AndroidManifest.xml:22:21-73
29
30            <data android:scheme="content" />
30-->src/main/AndroidManifest.xml:23:13-46
30-->src/main/AndroidManifest.xml:23:19-43
31        </intent>
32    </queries>
33
34    <permission
34-->[androidx.core:core:1.9.0] AndroidManifest.xml:22:5-24:47
35        android:name="celestemeown.app.DYNAMIC_RECEIVER_NOT_EXPORTED_PERMISSION"
35-->[androidx.core:core:1.9.0] AndroidManifest.xml:23:9-81
36        android:protectionLevel="signature" />
36-->[androidx.core:core:1.9.0] AndroidManifest.xml:24:9-44
37
38    <uses-permission android:name="celestemeown.app.DYNAMIC_RECEIVER_NOT_EXPORTED_PERMISSION" />
38-->[androidx.core:core:1.9.0] AndroidManifest.xml:26:5-97
38-->[androidx.core:core:1.9.0] AndroidManifest.xml:26:22-94
39
40    <application
40-->src/main/AndroidManifest.xml:27:5-56:19
41        android:allowBackup="true"
41-->src/main/AndroidManifest.xml:28:9-35
42        android:appComponentFactory="androidx.core.app.CoreComponentFactory"
42-->[androidx.core:core:1.9.0] AndroidManifest.xml:28:18-86
43        android:extractNativeLibs="false"
44        android:icon="@mipmap/ic_launcher"
44-->src/main/AndroidManifest.xml:29:9-43
45        android:label="@string/app_name"
45-->src/main/AndroidManifest.xml:30:9-41
46        android:theme="@style/AppTheme" >
46-->src/main/AndroidManifest.xml:31:9-40
47
48        <!-- MainActivity: Hospeda Flutter UI -->
49        <activity
49-->src/main/AndroidManifest.xml:33:9-45:20
50            android:name="celestemeown.app.android.MainActivity"
50-->src/main/AndroidManifest.xml:34:13-65
51            android:configChanges="orientation|keyboardHidden|keyboard|screenSize|smallestScreenSize|locale|layoutDirection|fontScale|screenLayout|density|uiMode"
51-->src/main/AndroidManifest.xml:36:13-163
52            android:exported="true"
52-->src/main/AndroidManifest.xml:35:13-36
53            android:hardwareAccelerated="true"
53-->src/main/AndroidManifest.xml:37:13-47
54            android:launchMode="singleTop"
54-->src/main/AndroidManifest.xml:38:13-43
55            android:theme="@style/LaunchTheme"
55-->src/main/AndroidManifest.xml:39:13-47
56            android:windowSoftInputMode="adjustResize" >
56-->src/main/AndroidManifest.xml:40:13-55
57            <intent-filter>
57-->src/main/AndroidManifest.xml:41:13-44:29
58                <action android:name="android.intent.action.MAIN" />
58-->src/main/AndroidManifest.xml:42:17-69
58-->src/main/AndroidManifest.xml:42:25-66
59
60                <category android:name="android.intent.category.LAUNCHER" />
60-->src/main/AndroidManifest.xml:43:17-77
60-->src/main/AndroidManifest.xml:43:27-74
61            </intent-filter>
62        </activity>
63
64        <!-- GameActivity: Hospeda MonoGame -->
65        <activity
65-->src/main/AndroidManifest.xml:48:9-54:80
66            android:name="celestemeown.app.android.GameActivity"
66-->src/main/AndroidManifest.xml:49:13-65
67            android:configChanges="orientation|keyboardHidden|keyboard|screenSize|smallestScreenSize|locale|layoutDirection|fontScale|screenLayout|density|uiMode"
67-->src/main/AndroidManifest.xml:51:13-163
68            android:exported="false"
68-->src/main/AndroidManifest.xml:50:13-37
69            android:hardwareAccelerated="true"
69-->src/main/AndroidManifest.xml:52:13-47
70            android:screenOrientation="landscape"
70-->src/main/AndroidManifest.xml:53:13-50
71            android:theme="@android:style/Theme.Black.NoTitleBar.Fullscreen" />
71-->src/main/AndroidManifest.xml:54:13-77
72
73        <provider
73-->[androidx.emoji2:emoji2:1.2.0] AndroidManifest.xml:24:9-32:20
74            android:name="androidx.startup.InitializationProvider"
74-->[androidx.emoji2:emoji2:1.2.0] AndroidManifest.xml:25:13-67
75            android:authorities="celestemeown.app.androidx-startup"
75-->[androidx.emoji2:emoji2:1.2.0] AndroidManifest.xml:26:13-68
76            android:exported="false" >
76-->[androidx.emoji2:emoji2:1.2.0] AndroidManifest.xml:27:13-37
77            <meta-data
77-->[androidx.emoji2:emoji2:1.2.0] AndroidManifest.xml:29:13-31:52
78                android:name="androidx.emoji2.text.EmojiCompatInitializer"
78-->[androidx.emoji2:emoji2:1.2.0] AndroidManifest.xml:30:17-75
79                android:value="androidx.startup" />
79-->[androidx.emoji2:emoji2:1.2.0] AndroidManifest.xml:31:17-49
80            <meta-data
80-->[androidx.lifecycle:lifecycle-process:2.4.1] AndroidManifest.xml:31:13-33:52
81                android:name="androidx.lifecycle.ProcessLifecycleInitializer"
81-->[androidx.lifecycle:lifecycle-process:2.4.1] AndroidManifest.xml:32:17-78
82                android:value="androidx.startup" />
82-->[androidx.lifecycle:lifecycle-process:2.4.1] AndroidManifest.xml:33:17-49
83        </provider>
84    </application>
85
86</manifest>